<?xml version="1.0" encoding="UTF-8"?>
<!-- Generated by org.testng.reporters.JUnitXMLReporter -->
<testsuite ignored="2" hostname="swathi" failures="0" tests="2" name="Test" time="58.135" errors="0" timestamp="2023-06-23T15:56:05 IST">
  <testcase classname="vtiger.Products.CreateNewProductWithBaseClassTest" name="createProduct" time="16.455"/>
  <testcase classname="vtiger.Campaign.CreateNewCampaignWithProductWithBaseClassTest" name="createCamapignWithProduct" time="17.54"/>
  <testcase classname="genericUtilities.BaseClass" name="@AfterSuite as" time="0.0">
    <ignored/>
  </testcase> <!-- @AfterSuite as -->
  <testcase classname="genericUtilities.BaseClass" name="@BeforeSuite bs" time="0.0">
    <ignored/>
  </testcase> <!-- @BeforeSuite bs -->
</testsuite> <!-- Test -->
