<?xml version="1.0" encoding="UTF-8"?>
<testng-results ignored="2" total="4" passed="2" failed="0" skipped="0">
  <reporter-output>
  </reporter-output>
  <suite started-at="2023-06-23T15:55:07 IST" name="Suite" finished-at="2023-06-23T15:56:05 IST" duration-ms="58135">
    <groups>
      <group name="RegressionSuite">
        <method signature="CreateNewCampaignWithProductWithBaseClassTest.createCamapignWithProduct()[pri:0, instance:vtiger.Campaign.CreateNewCampaignWithProductWithBaseClassTest@4229bb3f]" name="createCamapignWithProduct" class="vtiger.Campaign.CreateNewCampaignWithProductWithBaseClassTest"/>
        <method signature="CreateNewProductWithBaseClassTest.createProduct()[pri:0, instance:vtiger.Products.CreateNewProductWithBaseClassTest@7fee8714]" name="createProduct" class="vtiger.Products.CreateNewProductWithBaseClassTest"/>
      </group> <!-- RegressionSuite -->
      <group name="SmokeSuite">
        <method signature="CreateNewCampaignWithProductWithBaseClassTest.createCamapignWithProduct()[pri:0, instance:vtiger.Campaign.CreateNewCampaignWithProductWithBaseClassTest@4229bb3f]" name="createCamapignWithProduct" class="vtiger.Campaign.CreateNewCampaignWithProductWithBaseClassTest"/>
        <method signature="CreateNewProductWithBaseClassTest.createProduct()[pri:0, instance:vtiger.Products.CreateNewProductWithBaseClassTest@7fee8714]" name="createProduct" class="vtiger.Products.CreateNewProductWithBaseClassTest"/>
      </group> <!-- SmokeSuite -->
    </groups>
    <test started-at="2023-06-23T15:55:07 IST" name="Test" finished-at="2023-06-23T15:56:05 IST" duration-ms="58135">
      <class name="vtiger.Products.CreateNewProductWithBaseClassTest">
        <test-method is-config="true" signature="bs()[pri:0, instance:vtiger.Products.CreateNewProductWithBaseClassTest@7fee8714]" started-at="2023-06-23T15:55:07 IST" name="bs" finished-at="2023-06-23T15:55:07 IST" duration-ms="10" status="PASS">
          <reporter-output>
          </reporter-output>
        </test-method> <!-- bs -->
        <test-method is-config="true" signature="bc()[pri:0, instance:vtiger.Products.CreateNewProductWithBaseClassTest@7fee8714]" started-at="2023-06-23T15:55:07 IST" name="bc" finished-at="2023-06-23T15:55:17 IST" duration-ms="9785" status="PASS">
          <reporter-output>
          </reporter-output>
        </test-method> <!-- bc -->
        <test-method is-config="true" signature="bm()[pri:0, instance:vtiger.Products.CreateNewProductWithBaseClassTest@7fee8714]" started-at="2023-06-23T15:55:17 IST" name="bm" finished-at="2023-06-23T15:55:24 IST" duration-ms="6508" status="PASS">
          <reporter-output>
          </reporter-output>
        </test-method> <!-- bm -->
        <test-method signature="createProduct()[pri:0, instance:vtiger.Products.CreateNewProductWithBaseClassTest@7fee8714]" started-at="2023-06-23T15:55:24 IST" name="createProduct" finished-at="2023-06-23T15:55:40 IST" duration-ms="16455" status="PASS">
          <reporter-output>
          </reporter-output>
        </test-method> <!-- createProduct -->
        <test-method is-config="true" signature="am()[pri:0, instance:vtiger.Products.CreateNewProductWithBaseClassTest@7fee8714]" started-at="2023-06-23T15:55:40 IST" name="am" finished-at="2023-06-23T15:55:42 IST" duration-ms="1568" status="PASS">
          <reporter-output>
          </reporter-output>
        </test-method> <!-- am -->
        <test-method is-config="true" signature="ac()[pri:0, instance:vtiger.Products.CreateNewProductWithBaseClassTest@7fee8714]" started-at="2023-06-23T15:55:42 IST" name="ac" finished-at="2023-06-23T15:55:42 IST" duration-ms="189" status="PASS">
          <reporter-output>
          </reporter-output>
        </test-method> <!-- ac -->
        <test-method is-config="true" signature="as()[pri:0, instance:vtiger.Products.CreateNewProductWithBaseClassTest@7fee8714]" started-at="2023-06-23T15:56:05 IST" name="as" finished-at="2023-06-23T15:56:05 IST" duration-ms="0" status="PASS">
          <reporter-output>
          </reporter-output>
        </test-method> <!-- as -->
      </class> <!-- vtiger.Products.CreateNewProductWithBaseClassTest -->
      <class name="vtiger.Campaign.CreateNewCampaignWithProductWithBaseClassTest">
        <test-method is-config="true" signature="bc()[pri:0, instance:vtiger.Campaign.CreateNewCampaignWithProductWithBaseClassTest@4229bb3f]" started-at="2023-06-23T15:55:42 IST" name="bc" finished-at="2023-06-23T15:55:44 IST" duration-ms="2067" status="PASS">
          <reporter-output>
          </reporter-output>
        </test-method> <!-- bc -->
        <test-method is-config="true" signature="bm()[pri:0, instance:vtiger.Campaign.CreateNewCampaignWithProductWithBaseClassTest@4229bb3f]" started-at="2023-06-23T15:55:44 IST" name="bm" finished-at="2023-06-23T15:55:46 IST" duration-ms="2184" status="PASS">
          <reporter-output>
          </reporter-output>
        </test-method> <!-- bm -->
        <test-method signature="createCamapignWithProduct()[pri:0, instance:vtiger.Campaign.CreateNewCampaignWithProductWithBaseClassTest@4229bb3f]" started-at="2023-06-23T15:55:46 IST" name="createCamapignWithProduct" finished-at="2023-06-23T15:56:04 IST" duration-ms="17540" status="PASS">
          <reporter-output>
          </reporter-output>
        </test-method> <!-- createCamapignWithProduct -->
        <test-method is-config="true" signature="am()[pri:0, instance:vtiger.Campaign.CreateNewCampaignWithProductWithBaseClassTest@4229bb3f]" started-at="2023-06-23T15:56:04 IST" name="am" finished-at="2023-06-23T15:56:05 IST" duration-ms="1187" status="PASS">
          <reporter-output>
          </reporter-output>
        </test-method> <!-- am -->
        <test-method is-config="true" signature="ac()[pri:0, instance:vtiger.Campaign.CreateNewCampaignWithProductWithBaseClassTest@4229bb3f]" started-at="2023-06-23T15:56:05 IST" name="ac" finished-at="2023-06-23T15:56:05 IST" duration-ms="190" status="PASS">
          <reporter-output>
          </reporter-output>
        </test-method> <!-- ac -->
      </class> <!-- vtiger.Campaign.CreateNewCampaignWithProductWithBaseClassTest -->
    </test> <!-- Test -->
  </suite> <!-- Suite -->
</testng-results>
